Build started 02/11/2015 20:46:00.
     1>Project "D:\Projects\SDX\SDX\SDX.vcxproj" on node 2 (Build target(s)).
     1>FxCompile:
         C:\Program Files (x86)\Windows Kits\8.1\bin\x86\fxc.exe /nologo /E"main" /T ps_4_0_level_9_1 /Fo "D:\Projects\SDX\Release\PixelShader.cso" PixelShader.hlsl 
     1>D:\Projects\SDX\SDX\PixelShader.hlsl(14,12-79): warning X3206: 'Sample': implicit truncation of vector type
         
         compilation object save succeeded; see D:\Projects\SDX\Release\PixelShader.cso
       ClCompile:
         D:\Applications\Visual Studio 2013\VC\bin\CL.exe /c /Zi /nologo /W3 /WX- /O2 /Oi /Oy- /GL /D _UNICODE /D UNICODE /Gm- /EHsc /MD /GS /Gy /fp:precise /Zc:wchar_t /Zc:forScope /Fo"Release\\" /Fd"Release\vc120.pdb" /Gd /TP /analyze- /errorReport:prompt Camera.cpp Graphics.cpp Input.cpp Main.cpp Engine.cpp Model.cpp Shader.cpp Shared.cpp Skybox.cpp Sound.cpp
         Camera.cpp
         Graphics.cpp
         Input.cpp
         Main.cpp
     1>D:\Applications\Visual Studio 2013\VC\include\memory(1639): warning C4316: 'SDX::Engine' : object allocated on the heap may not be aligned 16
                 Main.cpp(9) : see reference to function template instantiation 'std::unique_ptr<SDX::Engine,std::default_delete<SDX::Engine>> std::make_unique<SDX::Engine,HINSTANCE&,const wchar_t(&)[10],const wchar_t(&)[17],int&>(HINSTANCE &,const wchar_t (&)[10],const wchar_t (&)[17],int &)' being compiled
         Engine.cpp
         Model.cpp
         Shader.cpp
         Shared.cpp
         Skybox.cpp
         Sound.cpp
       Link:
         D:\Applications\Visual Studio 2013\VC\bin\link.exe /ERRORREPORT:PROMPT /OUT:"D:\Projects\SDX\Release\SDX.exe" /NOLOGO d3d11.lib d3dcompiler.lib dinput8.lib dxguid.lib kernel32.lib user32.lib gdi32.lib winspool.lib comdlg32.lib advapi32.lib shell32.lib ole32.lib oleaut32.lib uuid.lib odbc32.lib odbccp32.lib kernel32.lib user32.lib gdi32.lib winspool.lib comdlg32.lib advapi32.lib shell32.lib ole32.lib oleaut32.lib uuid.lib odbc32.lib odbccp32.lib /MANIFEST /MANIFESTUAC:"level='asInvoker' uiAccess='false'" /manifest:embed /DEBUG /PDB:"D:\Projects\SDX\Release\SDX.pdb" /OPT:REF /OPT:ICF /LTCG /TLBID:1 /DYNAMICBASE /NXCOMPAT /IMPLIB:"D:\Projects\SDX\Release\SDX.lib" /MACHINE:X86 /SAFESEH Release\Camera.obj
         Release\Graphics.obj
         Release\Input.obj
         Release\Main.obj
         Release\Engine.obj
         Release\Model.obj
         Release\Shader.obj
         Release\Shared.obj
         Release\Skybox.obj
         Release\Sound.obj
         Release\WICTextureLoader.obj
         Generating code
         Finished generating code
         SDX.vcxproj -> D:\Projects\SDX\Release\SDX.exe
     1>Done Building Project "D:\Projects\SDX\SDX\SDX.vcxproj" (Build target(s)).

Build succeeded.

Time Elapsed 00:00:09.73
