Build started 04/11/2015 13:08:55.
     1>Project "D:\Projects\SDX\SDX\SDX.vcxproj" on node 2 (Build target(s)).
     1>ClCompile:
         D:\Applications\Visual Studio 2013\VC\bin\CL.exe /c /ZI /nologo /W3 /WX- /Od /Oy- /D _UNICODE /D UNICODE /Gm /EHsc /RTC1 /MDd /GS /fp:precise /Zc:wchar_t /Zc:forScope /Fo"Debug\\" /Fd"Debug\vc120.pdb" /Gd /TP /analyze- /errorReport:prompt Camera.cpp
         Camera.cpp
       Link:
         D:\Applications\Visual Studio 2013\VC\bin\link.exe /ERRORREPORT:PROMPT /OUT:"D:\Projects\SDX\Debug\SDX.exe" /INCREMENTAL /NOLOGO d3d11.lib d3dcompiler.lib dinput8.lib dxguid.lib kernel32.lib user32.lib gdi32.lib winspool.lib comdlg32.lib advapi32.lib shell32.lib ole32.lib oleaut32.lib uuid.lib odbc32.lib odbccp32.lib kernel32.lib user32.lib gdi32.lib winspool.lib comdlg32.lib advapi32.lib shell32.lib ole32.lib oleaut32.lib uuid.lib odbc32.lib odbccp32.lib /MANIFEST /MANIFESTUAC:"level='asInvoker' uiAccess='false'" /manifest:embed /DEBUG /PDB:"D:\Projects\SDX\Debug\SDX.pdb" /TLBID:1 /DYNAMICBASE /NXCOMPAT /IMPLIB:"D:\Projects\SDX\Debug\SDX.lib" /MACHINE:X86 Debug\Camera.obj
         Debug\DDSTextureLoader.obj
         Debug\Graphics.obj
         Debug\Grid.obj
         Debug\Input.obj
         Debug\Main.obj
         Debug\Engine.obj
         Debug\Model.obj
         Debug\Shader.obj
         Debug\Shared.obj
         Debug\Skybox.obj
         Debug\Sound.obj
         Debug\Terrain.obj
         Debug\WICTextureLoader.obj
         SDX.vcxproj -> D:\Projects\SDX\Debug\SDX.exe
     1>Done Building Project "D:\Projects\SDX\SDX\SDX.vcxproj" (Build target(s)).

Build succeeded.

Time Elapsed 00:00:01.21
