d:\projects\sdx\sdx\debug\vc120.pdb
d:\projects\sdx\sdx\debug\vc120.idb
d:\projects\sdx\sdx\debug\input.obj
d:\projects\sdx\sdx\debug\main.obj
d:\projects\sdx\sdx\debug\engine.obj
d:\projects\sdx\sdx\debug\shader.obj
d:\projects\sdx\sdx\debug\graphics.obj
d:\projects\sdx\sdx\debug\shared.obj
d:\projects\sdx\debug\pixelshader.cso
d:\projects\sdx\debug\sdx.pdb
d:\projects\sdx\sdx\debug\sdx.tlog\cl.command.1.tlog
d:\projects\sdx\sdx\debug\sdx.tlog\cl.read.1.tlog
d:\projects\sdx\sdx\debug\sdx.tlog\cl.write.1.tlog
d:\projects\sdx\sdx\debug\sdx.tlog\link-cvtres.read.1.tlog
d:\projects\sdx\sdx\debug\sdx.tlog\link-cvtres.write.1.tlog
d:\projects\sdx\sdx\debug\sdx.tlog\link-rc.read.1.tlog
d:\projects\sdx\sdx\debug\sdx.tlog\link-rc.write.1.tlog
d:\projects\sdx\sdx\debug\sdx.tlog\link.1948-cvtres.read.1.tlog
d:\projects\sdx\sdx\debug\sdx.tlog\link.1948-cvtres.write.1.tlog
d:\projects\sdx\sdx\debug\sdx.tlog\link.1948-rc.read.1.tlog
d:\projects\sdx\sdx\debug\sdx.tlog\link.1948-rc.write.1.tlog
d:\projects\sdx\sdx\debug\sdx.tlog\link.1948.read.1.tlog
d:\projects\sdx\sdx\debug\sdx.tlog\link.1948.write.1.tlog
d:\projects\sdx\sdx\debug\sdx.tlog\link.command.1.tlog
d:\projects\sdx\sdx\debug\sdx.tlog\link.read.1.tlog
d:\projects\sdx\sdx\debug\sdx.tlog\link.write.1.tlog
d:\projects\sdx\sdx\debug\sdx.tlog\sdx.write.1u.tlog
